This is pdfTeX, Version 3.1415926-2.5-1.40.14 (TeX Live 2013) (format=pdflatex 2013.5.30)  20 JUN 2015 17:18
entering extended mode
 restricted \write18 enabled.
 %&-line parsing enabled.
**outline
(./outline.tex
LaTeX2e <2011/06/27>
Babel <3.9f> and hyphenation patterns for 78 languages loaded.
(./vldb.cls (/usr/local/texlive/2013/texmf-dist/tex/latex/geometry/geometry.sty
Package: geometry 2010/09/12 v5.6 Page Geometry
(/usr/local/texlive/2013/texmf-dist/tex/latex/graphics/keyval.sty
Package: keyval 1999/03/16 v1.13 key=value parser (DPC)
\KV@toks@=\toks14
)
(/usr/local/texlive/2013/texmf-dist/tex/generic/oberdiek/ifpdf.sty
Package: ifpdf 2011/01/30 v2.3 Provides the ifpdf switch (HO)
Package ifpdf Info: pdfTeX in PDF mode is detected.
)
(/usr/local/texlive/2013/texmf-dist/tex/generic/oberdiek/ifvtex.sty
Package: ifvtex 2010/03/01 v1.5 Detect VTeX and its facilities (HO)
Package ifvtex Info: VTeX not detected.
)
(/usr/local/texlive/2013/texmf-dist/tex/generic/ifxetex/ifxetex.sty
Package: ifxetex 2010/09/12 v0.6 Provides ifxetex conditional
)
\Gm@cnth=\count79
\Gm@cntv=\count80
\c@Gm@tempcnt=\count81
\Gm@bindingoffset=\dimen102
\Gm@wd@mp=\dimen103
\Gm@odd@mp=\dimen104
\Gm@even@mp=\dimen105
\Gm@layoutwidth=\dimen106
\Gm@layoutheight=\dimen107
\Gm@layouthoffset=\dimen108
\Gm@layoutvoffset=\dimen109
\Gm@dimlist=\toks15
)
(/usr/local/texlive/2013/texmf-dist/tex/latex/graphics/epsfig.sty
Package: epsfig 1999/02/16 v1.7a (e)psfig emulation (SPQR)

(/usr/local/texlive/2013/texmf-dist/tex/latex/graphics/graphicx.sty
Package: graphicx 1999/02/16 v1.0f Enhanced LaTeX Graphics (DPC,SPQR)

(/usr/local/texlive/2013/texmf-dist/tex/latex/graphics/graphics.sty
Package: graphics 2009/02/05 v1.0o Standard LaTeX Graphics (DPC,SPQR)

(/usr/local/texlive/2013/texmf-dist/tex/latex/graphics/trig.sty
Package: trig 1999/03/16 v1.09 sin cos tan (DPC)
)
(/usr/local/texlive/2013/texmf-dist/tex/latex/latexconfig/graphics.cfg
File: graphics.cfg 2010/04/23 v1.9 graphics configuration of TeX Live
)
Package graphics Info: Driver file: pdftex.def on input line 91.

(/usr/local/texlive/2013/texmf-dist/tex/latex/pdftex-def/pdftex.def
File: pdftex.def 2011/05/27 v0.06d Graphics/color for pdfTeX

(/usr/local/texlive/2013/texmf-dist/tex/generic/oberdiek/infwarerr.sty
Package: infwarerr 2010/04/08 v1.3 Providing info/warning/error messages (HO)
)
(/usr/local/texlive/2013/texmf-dist/tex/generic/oberdiek/ltxcmds.sty
Package: ltxcmds 2011/11/09 v1.22 LaTeX kernel commands for general use (HO)
)
\Gread@gobject=\count82
))
\Gin@req@height=\dimen110
\Gin@req@width=\dimen111
)
\epsfxsize=\dimen112
\epsfysize=\dimen113
)
(/usr/local/texlive/2013/texmf-dist/tex/latex/amsfonts/amssymb.sty
Package: amssymb 2013/01/14 v3.01 AMS font symbols

(/usr/local/texlive/2013/texmf-dist/tex/latex/amsfonts/amsfonts.sty
Package: amsfonts 2013/01/14 v3.01 Basic AMSFonts support
\@emptytoks=\toks16
\symAMSa=\mathgroup4
\symAMSb=\mathgroup5
LaTeX Font Info:    Overwriting math alphabet `\mathfrak' in version `bold'
(Font)                  U/euf/m/n --> U/euf/b/n on input line 106.
))
(/usr/local/texlive/2013/texmf-dist/tex/latex/amsmath/amsmath.sty
Package: amsmath 2013/01/14 v2.14 AMS math features
\@mathmargin=\skip41

For additional information on amsmath, use the `?' option.
(/usr/local/texlive/2013/texmf-dist/tex/latex/amsmath/amstext.sty
Package: amstext 2000/06/29 v2.01

(/usr/local/texlive/2013/texmf-dist/tex/latex/amsmath/amsgen.sty
File: amsgen.sty 1999/11/30 v2.0
\@emptytoks=\toks17
\ex@=\dimen114
))
(/usr/local/texlive/2013/texmf-dist/tex/latex/amsmath/amsbsy.sty
Package: amsbsy 1999/11/29 v1.2d
\pmbraise@=\dimen115
)
(/usr/local/texlive/2013/texmf-dist/tex/latex/amsmath/amsopn.sty
Package: amsopn 1999/12/14 v2.01 operator names
)
\inf@bad=\count83
LaTeX Info: Redefining \frac on input line 210.
\uproot@=\count84
\leftroot@=\count85
LaTeX Info: Redefining \overline on input line 306.
\classnum@=\count86
\DOTSCASE@=\count87
LaTeX Info: Redefining \ldots on input line 378.
LaTeX Info: Redefining \dots on input line 381.
LaTeX Info: Redefining \cdots on input line 466.
\Mathstrutbox@=\box26
\strutbox@=\box27
\big@size=\dimen116
LaTeX Font Info:    Redeclaring font encoding OML on input line 566.
LaTeX Font Info:    Redeclaring font encoding OMS on input line 567.
\macc@depth=\count88
\c@MaxMatrixCols=\count89
\dotsspace@=\muskip10
\c@parentequation=\count90
\dspbrk@lvl=\count91
\tag@help=\toks18
\row@=\count92
\column@=\count93
\maxfields@=\count94
\andhelp@=\toks19
\eqnshift@=\dimen117
\alignsep@=\dimen118
\tagshift@=\dimen119
\tagwidth@=\dimen120
\totwidth@=\dimen121
\lineht@=\dimen122
\@envbody=\toks20
\multlinegap=\skip42
\multlinetaggap=\skip43
\mathdisplay@stack=\toks21
LaTeX Info: Redefining \[ on input line 2665.
LaTeX Info: Redefining \] on input line 2666.
)
Document Class 'vldb' - based on 'sig-alternate' <26th. July '05>. Modified by 
G.K.M. Tobin/Gerry Murray
Based in part upon document Style `acmconf' <22 May 89>. Hacked 4/91 by
shivers@cs.cmu.edu, 4/93 by theobald@cs.mcgill.ca
Excerpts were taken from (Journal Style) 'esub2acm.cls'.
****** Bugs/comments/suggestions/technicalities to Gerry Murray -- murray@hq.ac
m.org ******
Questions on the style, SIGS policies, etc. to Adrienne Griscti griscti@acm.org

\footheight=\dimen123
\@maxsep=\dimen124
\@dblmaxsep=\dimen125
\aucount=\count95
\originalaucount=\count96
\auwidth=\dimen126
\auskip=\dimen127
\auskipcount=\count97
\auskip=\dimen128
\allauboxes=\dimen129
\addauthors=\toks22
\addauflag=\count98
\subtitletext=\toks23
\savesection=\count99
\sectioncntr=\count100
\c@figure=\count101
\c@table=\count102
\titleboxnotes=\toks24
\titleboxnoteflag=\count103
Document Class: vldb 2010/10/19 - V1.8b - based on sig-alternate V1.8 - based o
n acmproc.cls V1.3 <Nov. 30 '99>
(/usr/local/texlive/2013/texmf-dist/tex/latex/base/latexsym.sty
Package: latexsym 1998/08/17 v2.2e Standard LaTeX package (lasy symbols)
\symlasy=\mathgroup6
LaTeX Font Info:    Overwriting symbol font `lasy' in version `bold'
(Font)                  U/lasy/m/n --> U/lasy/b/n on input line 47.
)
\@acmtitlebox=\box28
\titlenotecount=\count104
\tntoks=\toks25
\tntokstwo=\toks26
\tntoksthree=\toks27
\tntoksfour=\toks28
\tntoksfive=\toks29
\catcount=\count105
\copyrightnotice=\toks30
\conf=\toks31
\confinfo=\toks32
\c@part=\count106
\c@section=\count107
\c@subsection=\count108
\c@subsubsection=\count109
\c@paragraph=\count110

Using 'Abbrev' bibliography style
\bibindent=\dimen130
\colcntr=\count111
\savebox=\box29
\copyrtyr=\toks33
\acmcopyr=\toks34
\boilerplate=\toks35
\copyrightetc=\toks36
) (/usr/local/texlive/2013/texmf-dist/tex/latex/enumitem/enumitem.sty
Package: enumitem 2011/09/28 v3.5.2 Customized lists
\labelindent=\skip44
\enit@outerparindent=\dimen131
\enit@toks=\toks37
\enit@inbox=\box30
\enitdp@description=\count112
)
(/usr/local/texlive/2013/texmf-dist/tex/latex/framed/framed.sty
Package: framed 2011/10/22 v 0.96: framed or shaded text with page breaks
\OuterFrameSep=\skip45
\fb@frw=\dimen132
\fb@frh=\dimen133
\FrameRule=\dimen134
\FrameSep=\dimen135
)
(/usr/local/texlive/2013/texmf-dist/tex/latex/cprotect/cprotect.sty
Package: cprotect 2011/01/27 v1.0e (Bruno Le Floch)

(/usr/local/texlive/2013/texmf-dist/tex/latex/base/ifthen.sty
Package: ifthen 2001/05/26 v1.1c Standard LaTeX ifthen package (DPC)
)
(/usr/local/texlive/2013/texmf-dist/tex/latex/bigfoot/suffix.sty
Package: suffix 2006/07/15 1.5 Variant command support
)
\CPT@WriteOut=\write3
\c@CPT@WriteCount=\count113
\c@CPT@numB=\count114
\CPT@commandatend@toks=\toks38
)
(/usr/local/texlive/2013/texmf-dist/tex/latex/listings/listings.sty
\lst@mode=\count115
\lst@gtempboxa=\box31
\lst@token=\toks39
\lst@length=\count116
\lst@currlwidth=\dimen136
\lst@column=\count117
\lst@pos=\count118
\lst@lostspace=\dimen137
\lst@width=\dimen138
\lst@newlines=\count119
\lst@lineno=\count120
\abovecaptionskip=\skip46
\belowcaptionskip=\skip47
\lst@maxwidth=\dimen139

(/usr/local/texlive/2013/texmf-dist/tex/latex/listings/lstmisc.sty
File: lstmisc.sty 2007/02/22 1.4 (Carsten Heinz)
\c@lstnumber=\count121
\lst@skipnumbers=\count122
\lst@framebox=\box32
)
(/usr/local/texlive/2013/texmf-dist/tex/latex/listings/listings.cfg
File: listings.cfg 2007/02/22 1.4 listings configuration
))
Package: listings 2007/02/22 1.4 (Carsten Heinz)

(/usr/local/texlive/2013/texmf-dist/tex/latex/pdfpages/pdfpages.sty
Package: pdfpages 2012/08/31 v0.4t Insert pages of external PDF documents (AM)

(/usr/local/texlive/2013/texmf-dist/tex/latex/tools/calc.sty
Package: calc 2007/08/22 v4.3 Infix arithmetic (KKT,FJ)
\calc@Acount=\count123
\calc@Bcount=\count124
\calc@Adimen=\dimen140
\calc@Bdimen=\dimen141
\calc@Askip=\skip48
\calc@Bskip=\skip49
LaTeX Info: Redefining \setlength on input line 76.
LaTeX Info: Redefining \addtolength on input line 77.
\calc@Ccount=\count125
\calc@Cskip=\skip50
)
(/usr/local/texlive/2013/texmf-dist/tex/latex/eso-pic/eso-pic.sty
Package: eso-pic 2010/10/06 v2.0c eso-pic (RN)

(/usr/local/texlive/2013/texmf-dist/tex/generic/oberdiek/atbegshi.sty
Package: atbegshi 2011/10/05 v1.16 At begin shipout hook (HO)
)
(/usr/local/texlive/2013/texmf-dist/tex/latex/xcolor/xcolor.sty
Package: xcolor 2007/01/21 v2.11 LaTeX color extensions (UK)

(/usr/local/texlive/2013/texmf-dist/tex/latex/latexconfig/color.cfg
File: color.cfg 2007/01/18 v1.5 color configuration of teTeX/TeXLive
)
Package xcolor Info: Driver file: pdftex.def on input line 225.
Package xcolor Info: Model `cmy' substituted by `cmy0' on input line 1337.
Package xcolor Info: Model `hsb' substituted by `rgb' on input line 1341.
Package xcolor Info: Model `RGB' extended on input line 1353.
Package xcolor Info: Model `HTML' substituted by `rgb' on input line 1355.
Package xcolor Info: Model `Hsb' substituted by `hsb' on input line 1356.
Package xcolor Info: Model `tHsb' substituted by `hsb' on input line 1357.
Package xcolor Info: Model `HSB' substituted by `hsb' on input line 1358.
Package xcolor Info: Model `Gray' substituted by `gray' on input line 1359.
Package xcolor Info: Model `wave' substituted by `hsb' on input line 1360.
))
(/usr/local/texlive/2013/texmf-dist/tex/latex/pdfpages/pppdftex.def
File: pppdftex.def 2012/08/31 v0.4t Pdfpages driver for pdfTeX (AM)
)
\AM@pagebox=\box33
\AM@toc@title=\toks40
\c@AM@survey=\count126
\AM@templatesizebox=\box34
)
(/usr/local/texlive/2013/texmf-dist/tex/latex/base/alltt.sty
Package: alltt 1997/06/16 v2.0g defines alltt environment
)
(/usr/local/texlive/2013/texmf-dist/tex/latex/oberdiek/epstopdf.sty
Package: epstopdf 2010/02/09 v2.5 Conversion with epstopdf on the fly (HO)

(/usr/local/texlive/2013/texmf-dist/tex/latex/oberdiek/epstopdf-base.sty
Package: epstopdf-base 2010/02/09 v2.5 Base part for package epstopdf

(/usr/local/texlive/2013/texmf-dist/tex/latex/oberdiek/grfext.sty
Package: grfext 2010/08/19 v1.1 Manage graphics extensions (HO)

(/usr/local/texlive/2013/texmf-dist/tex/generic/oberdiek/kvdefinekeys.sty
Package: kvdefinekeys 2011/04/07 v1.3 Define keys (HO)
))
(/usr/local/texlive/2013/texmf-dist/tex/latex/oberdiek/kvoptions.sty
Package: kvoptions 2011/06/30 v3.11 Key value format for package options (HO)

(/usr/local/texlive/2013/texmf-dist/tex/generic/oberdiek/kvsetkeys.sty
Package: kvsetkeys 2012/04/25 v1.16 Key value parser (HO)

(/usr/local/texlive/2013/texmf-dist/tex/generic/oberdiek/etexcmds.sty
Package: etexcmds 2011/02/16 v1.5 Avoid name clashes with e-TeX commands (HO)

(/usr/local/texlive/2013/texmf-dist/tex/generic/oberdiek/ifluatex.sty
Package: ifluatex 2010/03/01 v1.3 Provides the ifluatex switch (HO)
Package ifluatex Info: LuaTeX not detected.
)
Package etexcmds Info: Could not find \expanded.
(etexcmds)             That can mean that you are not using pdfTeX 1.50 or
(etexcmds)             that some package has redefined \expanded.
(etexcmds)             In the latter case, load this package earlier.
)))
(/usr/local/texlive/2013/texmf-dist/tex/generic/oberdiek/pdftexcmds.sty
Package: pdftexcmds 2011/11/29 v0.20 Utility functions of pdfTeX for LuaTeX (HO
)
Package pdftexcmds Info: LuaTeX not detected.
Package pdftexcmds Info: \pdf@primitive is available.
Package pdftexcmds Info: \pdf@ifprimitive is available.
Package pdftexcmds Info: \pdfdraftmode found.
)
Package grfext Info: Graphics extension search list:
(grfext)             [.png,.pdf,.jpg,.mps,.jpeg,.jbig2,.jb2,.PNG,.PDF,.JPG,.JPE
G,.JBIG2,.JB2,.eps]
(grfext)             \AppendGraphicsExtensions on input line 452.

(/usr/local/texlive/2013/texmf-dist/tex/latex/latexconfig/epstopdf-sys.cfg
File: epstopdf-sys.cfg 2010/07/13 v1.3 Configuration of (r)epstopdf for TeX Liv
e
)))
(/usr/local/texlive/2013/texmf-dist/tex/latex/tools/xspace.sty
Package: xspace 2009/10/20 v1.13 Space after command names (DPC,MH)
)
(/usr/local/texlive/2013/texmf-dist/tex/latex/colortbl/colortbl.sty
Package: colortbl 2012/02/13 v1.0a Color table columns (DPC)

(/usr/local/texlive/2013/texmf-dist/tex/latex/tools/array.sty
Package: array 2008/09/09 v2.4c Tabular extension package (FMi)
\col@sep=\dimen142
\extrarowheight=\dimen143
\NC@list=\toks41
\extratabsurround=\skip51
\backup@length=\skip52
)
\everycr=\toks42
\minrowclearance=\skip53
)
(/usr/local/texlive/2013/texmf-dist/tex/generic/babel/babel.sty
Package: babel 2013/05/16 v3.9f The Babel package

(/usr/local/texlive/2013/texmf-dist/tex/generic/babel-english/english.ldf
Language: english 2012/08/20 v3.3p English support from the babel system

(/usr/local/texlive/2013/texmf-dist/tex/generic/babel/babel.def
File: babel.def 2013/05/16 v3.9f Babel common definitions
\babel@savecnt=\count127
\U@D=\dimen144
)
\l@canadian = a dialect from \language\l@american 
\l@australian = a dialect from \language\l@british 
\l@newzealand = a dialect from \language\l@british 
))
(/usr/local/texlive/2013/texmf-dist/tex/latex/multirow/multirow.sty
\bigstrutjot=\dimen145
)
(/usr/local/texlive/2013/texmf-dist/tex/latex/url/url.sty
\Urlmuskip=\muskip11
Package: url 2006/04/12  ver 3.3  Verb mode for urls, etc.
)
(/usr/local/texlive/2013/texmf-dist/tex/latex/subfigure/subfigure.sty
Package: subfigure 2002/03/15 v2.1.5 subfigure package


Package subfigure Warning: Your document class has a bad definition
 of \endfigure, most likely
 \let\endfigure=\end@float
 which has now been changed to
 \def\endfigure{\end@float}
 because otherwise subsequent changes to \end@float
 (like done by several packages changing float behaviour)
 can't take effect on \endfigure.
 Please complain to your document class author.


Package subfigure Warning: Your document class has a bad definition
 of \endtable, most likely
 \let\endtable=\end@float
 which has now been changed to
 \def\endtable{\end@float}
 because otherwise subsequent changes to \end@float
 (like done by several packages changing float behaviour)
 can't take effect on \endtable.
 Please complain to your document class author.

\subfigtopskip=\skip54
\subfigcapskip=\skip55
\subfigcaptopadj=\dimen146
\subfigbottomskip=\skip56
\subfigcapmargin=\dimen147
\subfiglabelskip=\skip57
\c@subfigure=\count128
\c@lofdepth=\count129
\c@subtable=\count130
\c@lotdepth=\count131
****************************************
* Local config file subfigure.cfg used *
****************************************
(/usr/local/texlive/2013/texmf-dist/tex/latex/subfigure/subfigure.cfg)
\subfig@top=\skip58
\subfig@bottom=\skip59
)
(/usr/local/texlive/2013/texmf-dist/tex/latex/fmtcount/fmtcount.sty
Package: fmtcount 2012/10/24 v2.02

(/usr/local/texlive/2013/texmf-dist/tex/latex/etoolbox/etoolbox.sty
Package: etoolbox 2011/01/03 v2.1 e-TeX tools for LaTeX

(/usr/local/texlive/2013/texmf-dist/tex/latex/etex-pkg/etex.sty
Package: etex 1998/03/26 v2.0 eTeX basic definition package (PEB)
\et@xins=\count132
)
\etb@tempcnta=\count133
)
(/usr/local/texlive/2013/texmf-dist/tex/latex/fmtcount/fcprefix.sty
Package: fcprefix 2012/09/28

(/usr/local/texlive/2013/texmf-dist/tex/latex/fmtcount/fcnumparser.sty
Package: fcnumparser 2012/09/28
\fc@digit@counter=\count134
))
\c@padzeroesN=\count135
\fc@tmpcatcode=\count136

(/usr/local/texlive/2013/texmf-dist/tex/latex/fmtcount/fc-english.def
File: fc-english.def 2012/06/18
)
\@DT@modctr=\count137
\@ordinalctr=\count138
\@orgargctr=\count139
\@strctr=\count140
\@tmpstrctr=\count141
\@DT@loopN=\count142
\@DT@X=\count143
)
(/usr/local/texlive/2013/texmf-dist/tex/latex/amsfonts/eucal.sty
Package: eucal 2009/06/22 v3.00 Euler Script fonts
LaTeX Font Info:    Overwriting math alphabet `\EuScript' in version `bold'
(Font)                  U/eus/m/n --> U/eus/b/n on input line 33.
)
(/usr/local/texlive/2013/texmf-dist/tex/latex/tools/bm.sty
Package: bm 2004/02/26 v1.1c Bold Symbol Support (DPC/FMi)
\symboldoperators=\mathgroup7
\symboldletters=\mathgroup8
\symboldsymbols=\mathgroup9
\symboldlasy=\mathgroup10
LaTeX Font Info:    Redeclaring math alphabet \mathbf on input line 138.
LaTeX Info: Redefining \bm on input line 204.
)
(/usr/local/texlive/2013/texmf-dist/tex/latex/psnfss/times.sty
Package: times 2005/04/12 PSNFSS-v9.2a (SPQR) 
)
(/usr/local/texlive/2013/texmf-dist/tex/latex/cite/cite.sty
LaTeX Info: Redefining \cite on input line 302.
LaTeX Info: Redefining \nocite on input line 373.
Package: cite 2010/09/10  v 5.3
)
(/usr/local/texlive/2013/texmf-dist/tex/latex/csquotes/csquotes.sty
Package: csquotes 2011/10/22 v5.1d context-sensitive quotations
\csq@reset=\count144
\csq@gtype=\count145
\csq@glevel=\count146
\csq@qlevel=\count147
\csq@maxlvl=\count148
\csq@tshold=\count149
\csq@ltx@everypar=\toks43

(/usr/local/texlive/2013/texmf-dist/tex/latex/csquotes/csquotes.def
File: csquotes.def 2011/10/22 v5.1d csquotes generic definitions
)
Package csquotes Info: Trying to load configuration file 'csquotes.cfg'...
Package csquotes Info: ... configuration file loaded successfully.

(/usr/local/texlive/2013/texmf-dist/tex/latex/csquotes/csquotes.cfg
File: csquotes.cfg 
))
(/usr/local/texlive/2013/texmf-dist/tex/latex/listings/lstlang1.sty
File: lstlang1.sty 2004/09/05 1.3 listings language file
)
Package csquotes Info: Checking for multilingual support...
Package csquotes Info: ... found 'babel' package.
Package csquotes Info: Adjusting default style.
Package csquotes Info: Redefining alias 'default' -> 'USenglish'.

(./outline.aux)
\openout1 = `outline.aux'.

LaTeX Font Info:    Checking defaults for OML/cmm/m/it on input line 42.
LaTeX Font Info:    ... okay on input line 42.
LaTeX Font Info:    Checking defaults for T1/cmr/m/n on input line 42.
LaTeX Font Info:    ... okay on input line 42.
LaTeX Font Info:    Checking defaults for OT1/cmr/m/n on input line 42.
LaTeX Font Info:    ... okay on input line 42.
LaTeX Font Info:    Checking defaults for OMS/cmsy/m/n on input line 42.
LaTeX Font Info:    ... okay on input line 42.
LaTeX Font Info:    Checking defaults for OMX/cmex/m/n on input line 42.
LaTeX Font Info:    ... okay on input line 42.
LaTeX Font Info:    Checking defaults for U/cmr/m/n on input line 42.
LaTeX Font Info:    ... okay on input line 42.
LaTeX Font Info:    Try loading font information for OT1+ptm on input line 42.
 (/usr/local/texlive/2013/texmf-dist/tex/latex/psnfss/ot1ptm.fd
File: ot1ptm.fd 2001/06/04 font definitions for OT1/ptm.
)
*geometry* detected driver: pdftex
*geometry* verbose mode - [ preamble ] result:
* driver: pdftex
* paper: letterpaper
* layout: <same size as paper>
* layoutoffset:(h,v)=(0.0pt,0.0pt)
* modes: twoside 
* h-part:(L,W,R)=(92.14519pt, 430.00462pt, 92.14519pt)
* v-part:(T,H,B)=(95.39737pt, 556.47656pt, 143.09605pt)
* \paperwidth=614.295pt
* \paperheight=794.96999pt
* \textwidth=504.0pt
* \textheight=666.0pt
* \oddsidemargin=-18.26999pt
* \evensidemargin=-18.26999pt
* \topmargin=-55.26999pt
* \headheight=12.0pt
* \headsep=25.0pt
* \topskip=10.0pt
* \footskip=30.0pt
* \marginparwidth=0.0pt
* \marginparsep=11.0pt
* \columnsep=24.0pt
* \skip\footins=8.1pt plus 4.0pt minus 2.0pt
* \hoffset=0.0pt
* \voffset=0.0pt
* \mag=1000
* \@twocolumntrue
* \@twosidetrue
* \@mparswitchtrue
* \@reversemarginfalse
* (1in=72.27pt=25.4mm, 1cm=28.453pt)

(/usr/local/texlive/2013/texmf-dist/tex/context/base/supp-pdf.mkii
[Loading MPS to PDF converter (version 2006.09.02).]
\scratchcounter=\count150
\scratchdimen=\dimen148
\scratchbox=\box35
\nofMPsegments=\count151
\nofMParguments=\count152
\everyMPshowfont=\toks44
\MPscratchCnt=\count153
\MPscratchDim=\dimen149
\MPnumerator=\count154
\makeMPintoPDFobject=\count155
\everyMPtoPDFconversion=\toks45
)
\c@lstlisting=\count156
\AtBeginShipoutBox=\box36
\c@theorem=\count157
\c@example=\count158
\c@definition=\count159
\c@problem=\count160
\c@property=\count161
\c@proposition=\count162
\c@lemma=\count163
\c@corollary=\count164
LaTeX Font Info:    Try loading font information for U+msa on input line 133.
 (/usr/local/texlive/2013/texmf-dist/tex/latex/amsfonts/umsa.fd
File: umsa.fd 2013/01/14 v3.01 AMS symbols A
)
LaTeX Font Info:    Try loading font information for U+msb on input line 133.

(/usr/local/texlive/2013/texmf-dist/tex/latex/amsfonts/umsb.fd
File: umsb.fd 2013/01/14 v3.01 AMS symbols B
)
LaTeX Font Info:    Try loading font information for U+lasy on input line 133.

(/usr/local/texlive/2013/texmf-dist/tex/latex/base/ulasy.fd
File: ulasy.fd 1998/08/17 v2.2e LaTeX symbol font definitions
)
LaTeX Font Info:    Font shape `U/lasy/b/n' in size <9> not available
(Font)              Font shape `U/lasy/m/n' tried instead on input line 133.
LaTeX Font Info:    Font shape `U/lasy/b/n' in size <6> not available
(Font)              Font shape `U/lasy/m/n' tried instead on input line 133.
LaTeX Font Info:    Font shape `U/lasy/b/n' in size <5> not available
(Font)              Font shape `U/lasy/m/n' tried instead on input line 133.


LaTeX Warning: No \author given.

(./introduction.tex <figs/arch.png, id=1, 613.8132pt x 410.9754pt>
File: figs/arch.png Graphic file (type png)

<use figs/arch.png>
Package pdftex.def Info: figs/arch.png used on input line 25.
(pdftex.def)             Requested size: 144.00146pt x 96.41618pt.
LaTeX Font Info:    Font shape `OT1/ptm/bx/n' in size <9> not available
(Font)              Font shape `OT1/ptm/b/n' tried instead on input line 26.


LaTeX Warning: Citation `bottou2012stochastic' on page 1 undefined on input lin
e 32.


Underfull \vbox (badness 10000) has occurred while \output is active []

 [1{/usr/local/texlive/2013/texmf-var/fonts/map/pdftex/updmap/pdftex.map}


 <./figs/arch.png>]
Overfull \hbox (4.49135pt too wide) in paragraph at lines 39--46
[]\OT1/ptm/m/n/9 This in-te-grated model train-ing and data clean-ing ar-chi-te
c-ture leads
 []

) (./background.tex [2]) (./architecture.tex
Overfull \hbox (37.7262pt too wide) in paragraph at lines 46--47
\OT1/ptm/m/n/9 The out-put of this step are cleaned set of fea-tures vec-tors $
\OMS/cmsy/m/n/9 f\OT1/cmr/m/n/9 (\OML/cmm/m/it/9 x[]; y[]\OT1/cmr/m/n/9 )\OMS/c
msy/m/n/9 g[]$\OT1/ptm/m/n/9 . 
 []


Underfull \hbox (badness 2875) in paragraph at lines 52--53
[]\OT1/ptm/m/it/9 Given the cur-rent
 []

[3]
Underfull \hbox (badness 10000) in paragraph at lines 61--62
[]\OT1/ptm/m/it/9 Let
 []


Underfull \hbox (badness 2197) in paragraph at lines 61--62
\OT1/cmr/m/n/9 (\OML/cmm/m/it/9 X[]; Y[]\OT1/cmr/m/n/9 )$ \OT1/ptm/m/it/9 be th
e data sub-ma-tri-ces of the dirty data,
 []


Overfull \hbox (1.80064pt too wide) in paragraph at lines 69--72
\OT1/ptm/m/n/9 clean-ing pro-cesses pro-posed in the lit-er-a-ture can ap-ply i
n our model.
 []


Overfull \hbox (8.5412pt too wide) in paragraph at lines 136--139
\OT1/ptm/m/it/9 where the pa-tient's gen-der is in-con-sis-tently rep-re-sented
 (e.g., ``Male",
 []


Overfull \hbox (16.86737pt too wide) in paragraph at lines 136--139
\OT1/ptm/m/it/9 ``M", ``Man"). We can de-fine a sim-i-lar-ity re-la-tion-ship $
\OT1/cmr/m/n/9 ([][]\OML/cmm/m/it/9 M[]\OT1/cmr/m/n/9 )$
 []

) (./optimal.tex [4]
LaTeX Font Info:    Try loading font information for OMS+ptm on input line 43.

(/usr/local/texlive/2013/texmf-dist/tex/latex/psnfss/omsptm.fd
File: omsptm.fd 
)
LaTeX Font Info:    Font shape `OMS/ptm/m/n' in size <9> not available
(Font)              Font shape `OMS/cmsy/m/n' tried instead on input line 43.


LaTeX Font Warning: Font shape `OMS/ptm/bx/n' undefined
(Font)              using `OMS/ptm/m/n' instead
(Font)              for symbol `textbraceright' on input line 43.

LaTeX Font Info:    Font shape `OMS/ptm/bx/n' in size <9> not available
(Font)              Font shape `OMS/cmsy/m/n' tried instead on input line 43.
[5]) (./impestimate.tex
Overfull \hbox (3.70914pt too wide) in paragraph at lines 16--19
\OT1/ptm/m/n/9 We can take the ex-pected value of the Tay-lor se-ries ex-pan-si
on around
 []


Overfull \hbox (13.45876pt too wide) detected at line 28
\OMS/cmsy/m/n/9 r\OML/cmm/m/it/9 ^^^\OT1/cmr/m/n/9 (\OML/cmm/m/it/9 ^^R[]x[]; y
[]\OT1/cmr/m/n/9 ) \OMS/cmsy/m/n/9 ^^Y r\OML/cmm/m/it/9 ^^^\OT1/cmr/m/n/9 (\OML
/cmm/m/it/9 ^^R[]x; y\OT1/cmr/m/n/9 ) + []\OMS/cmsy/m/n/9 r\OML/cmm/m/it/9 ^^^\
OT1/cmr/m/n/9 (\OML/cmm/m/it/9 ^^R[]x; y\OT1/cmr/m/n/9 ) \OMS/cmsy/m/n/9 ^^A \O
T1/cmr/m/n/9 (\OML/cmm/m/it/9 x \OMS/cmsy/m/n/9 ^^@ \OML/cmm/m/it/9 x[]\OT1/cmr
/m/n/9 )
 []


Overfull \hbox (9.45808pt too wide) detected at line 33
\U/msb/m/n/9 E\OT1/cmr/m/n/9 (\OMS/cmsy/m/n/9 r\OML/cmm/m/it/9 ^^^\OT1/cmr/m/n/
9 (\OML/cmm/m/it/9 ^^R[]x[]; y[]\OT1/cmr/m/n/9 )) \OMS/cmsy/m/n/9 ^^Y r\OML/cmm
/m/it/9 ^^^\OT1/cmr/m/n/9 (\OML/cmm/m/it/9 ^^R[]x; y\OT1/cmr/m/n/9 ) + []\OMS/c
msy/m/n/9 r\OML/cmm/m/it/9 ^^^\OT1/cmr/m/n/9 (\OML/cmm/m/it/9 ^^R[]x; y\OT1/cmr
/m/n/9 ) \OMS/cmsy/m/n/9 ^^A \U/msb/m/n/9 E\OT1/cmr/m/n/9 (^^A\OML/cmm/m/it/9 x
\OT1/cmr/m/n/9 )
 []


Overfull \hbox (4.85503pt too wide) in paragraph at lines 52--55
[]\OT1/ptm/m/it/9 Let $\OMS/cmsy/m/n/9 f\OT1/cmr/m/n/9 1\OML/cmm/m/it/9 ::; i; 
:::; d\OMS/cmsy/m/n/9 g$ \OT1/ptm/m/it/9 in-dex the set
 []


Overfull \hbox (6.33656pt too wide) in paragraph at lines 93--99
[]\OT1/ptm/m/n/9 There is well-studied his-tory of Ma-chine Learn-ing and Data 
Clean-
 []


LaTeX Warning: Reference `estimators' on page 6 undefined on input line 105.

[6]
Overfull \hbox (1.73743pt too wide) in paragraph at lines 123--124
\OT1/ptm/m/it/9 in ad-vance, im-por-tance sam-pling gives a strictly tighter er
-ror bound
 []

) (./optimizer.tex
Overfull \hbox (5.75603pt too wide) in paragraph at lines 32--32
[]\secfnt Choosing Error-Predicate vs. Gen-eral Case 
 []

) (./experiments.tex <exp/exp1.pdf, id=38, 1345.025pt x 707.64375pt>
File: exp/exp1.pdf Graphic file (type pdf)

<use exp/exp1.pdf>
Package pdftex.def Info: exp/exp1.pdf used on input line 15.
(pdftex.def)             Requested size: 192.00073pt x 101.01305pt.
 <exp/exp2.pdf, id=39, 1344.02126pt x 711.65875pt>
File: exp/exp2.pdf Graphic file (type pdf)

<use exp/exp2.pdf>
Package pdftex.def Info: exp/exp2.pdf used on input line 16.
(pdftex.def)             Requested size: 192.00073pt x 101.66217pt.
 <exp/exp3a.pdf, id=40, 1050.92625pt x 734.745pt>
File: exp/exp3a.pdf Graphic file (type pdf)

<use exp/exp3a.pdf>
Package pdftex.def Info: exp/exp3a.pdf used on input line 25.
(pdftex.def)             Requested size: 157.63214pt x 110.20699pt.
 <exp/exp3b.pdf, id=41, 1050.92625pt x 734.745pt>
File: exp/exp3b.pdf Graphic file (type pdf)

<use exp/exp3b.pdf>
Package pdftex.def Info: exp/exp3b.pdf used on input line 26.
(pdftex.def)             Requested size: 157.63214pt x 110.20699pt.
 <exp/exp3c.pdf, id=42, 1050.92625pt x 734.745pt>
File: exp/exp3c.pdf Graphic file (type pdf)

<use exp/exp3c.pdf>
Package pdftex.def Info: exp/exp3c.pdf used on input line 27.
(pdftex.def)             Requested size: 157.63214pt x 110.20699pt.
 <exp/exp4a.pdf, id=43, 1050.92625pt x 734.745pt>
File: exp/exp4a.pdf Graphic file (type pdf)

<use exp/exp4a.pdf>
Package pdftex.def Info: exp/exp4a.pdf used on input line 28.
(pdftex.def)             Requested size: 157.63214pt x 110.20699pt.
 <exp/exp4b.pdf, id=44, 1050.92625pt x 734.745pt>
File: exp/exp4b.pdf Graphic file (type pdf)

<use exp/exp4b.pdf>
Package pdftex.def Info: exp/exp4b.pdf used on input line 29.
(pdftex.def)             Requested size: 157.63214pt x 110.20699pt.
 <exp/exp4c.pdf, id=45, 1050.92625pt x 734.745pt>
File: exp/exp4c.pdf Graphic file (type pdf)

<use exp/exp4c.pdf>
Package pdftex.def Info: exp/exp4c.pdf used on input line 30.
(pdftex.def)             Requested size: 157.63214pt x 110.20699pt.
 <exp/exp5a.pdf, id=46, 864.22874pt x 602.25pt>
File: exp/exp5a.pdf Graphic file (type pdf)

<use exp/exp5a.pdf>
Package pdftex.def Info: exp/exp5a.pdf used on input line 37.
(pdftex.def)             Requested size: 146.91693pt x 102.38113pt.
 <exp/exp5b.pdf, id=47, 864.22874pt x 602.25pt>
File: exp/exp5b.pdf Graphic file (type pdf)

<use exp/exp5b.pdf>
Package pdftex.def Info: exp/exp5b.pdf used on input line 38.
(pdftex.def)             Requested size: 146.91693pt x 102.38113pt.
 <exp/exp5c.pdf, id=48, 864.22874pt x 602.25pt>
File: exp/exp5c.pdf Graphic file (type pdf)

<use exp/exp5c.pdf>
Package pdftex.def Info: exp/exp5c.pdf used on input line 39.
(pdftex.def)             Requested size: 146.91693pt x 102.38113pt.
 <exp/exp6a.pdf, id=49, 1050.92625pt x 734.745pt>
File: exp/exp6a.pdf Graphic file (type pdf)

<use exp/exp6a.pdf>
Package pdftex.def Info: exp/exp6a.pdf used on input line 46.
(pdftex.def)             Requested size: 157.63214pt x 110.20699pt.
 <exp/exp6b.pdf, id=50, 1050.92625pt x 734.745pt>
File: exp/exp6b.pdf Graphic file (type pdf)

<use exp/exp6b.pdf>
Package pdftex.def Info: exp/exp6b.pdf used on input line 47.
(pdftex.def)             Requested size: 157.63214pt x 110.20699pt.
 <exp/exp7a.pdf, id=51, 1050.92625pt x 734.745pt>
File: exp/exp7a.pdf Graphic file (type pdf)

<use exp/exp7a.pdf>
Package pdftex.def Info: exp/exp7a.pdf used on input line 62.
(pdftex.def)             Requested size: 157.63214pt x 110.20699pt.
) (./relatedwork.tex [7 <./exp/exp1.pdf> <./exp/exp2.pdf>]

LaTeX Warning: Citation `rineas2012fast' on page 8 undefined on input line 5.


Underfull \vbox (badness 10000) has occurred while \output is active []

)
(./conclusion.tex
Overfull \hbox (2.79942pt too wide) in paragraph at lines 2--7
\OT1/ptm/m/n/9 for-mance in com-par-i-son to uni-form sam-pling, and dirtiness-
agnostic
 []

[8 <./exp/exp3a.pdf> <./exp/exp3b.pdf> <./exp/exp3c.pdf> <./exp/exp4a.pdf> <./e
xp/exp4b.pdf> <./exp/exp4c.pdf>]) (./outline.bbl
Underfull \vbox (badness 10000) has occurred while \output is active []

 [9 <./exp/exp5a.pdf> <./exp/exp5b.pdf> <./exp/exp5c.pdf> <./exp/exp6a.pdf> <./
exp/exp6b.pdf>]) [10

 <./exp/exp7a.pdf>] (./outline.aux)

LaTeX Font Warning: Some font shapes were not available, defaults substituted.


LaTeX Warning: There were undefined references.

 ) 
Here is how much of TeX's memory you used:
 8309 strings out of 493315
 117087 string characters out of 6137904
 253311 words of memory out of 5000000
 11496 multiletter control sequences out of 15000+600000
 36544 words of font info for 76 fonts, out of 8000000 for 9000
 957 hyphenation exceptions out of 8191
 42i,14n,40p,1280b,244s stack positions out of 5000i,500n,10000p,200000b,80000s
{/usr/local/texlive/2013/texmf-dist/fonts/enc/dvips/base/8r.enc}</usr/local/t
exlive/2013/texmf-dist/fonts/type1/public/amsfonts/cmextra/cmex9.pfb></usr/loca
l/texlive/2013/texmf-dist/fonts/type1/public/amsfonts/cm/cmmi5.pfb></usr/local/
texlive/2013/texmf-dist/fonts/type1/public/amsfonts/cm/cmmi6.pfb></usr/local/te
xlive/2013/texmf-dist/fonts/type1/public/amsfonts/cm/cmmi9.pfb></usr/local/texl
ive/2013/texmf-dist/fonts/type1/public/amsfonts/cm/cmr5.pfb></usr/local/texlive
/2013/texmf-dist/fonts/type1/public/amsfonts/cm/cmr6.pfb></usr/local/texlive/20
13/texmf-dist/fonts/type1/public/amsfonts/cm/cmr9.pfb></usr/local/texlive/2013/
texmf-dist/fonts/type1/public/amsfonts/cm/cmsy6.pfb></usr/local/texlive/2013/te
xmf-dist/fonts/type1/public/amsfonts/cm/cmsy9.pfb></usr/local/texlive/2013/texm
f-dist/fonts/type1/public/amsfonts/symbols/msbm10.pfb></usr/local/texlive/2013/
texmf-dist/fonts/type1/urw/helvetic/uhvb8a.pfb></usr/local/texlive/2013/texmf-d
ist/fonts/type1/urw/times/utmb8a.pfb></usr/local/texlive/2013/texmf-dist/fonts/
type1/urw/times/utmr8a.pfb></usr/local/texlive/2013/texmf-dist/fonts/type1/urw/
times/utmri8a.pfb>
Output written on outline.pdf (10 pages, 801340 bytes).
PDF statistics:
 552 PDF objects out of 1000 (max. 8388607)
 378 compressed objects within 4 object streams
 0 named destinations out of 1000 (max. 500000)
 76 words of extra memory for PDF output out of 10000 (max. 10000000)

